[debug] [2018-06-23T12:31:30.855Z] ----------------------------------------------------------------------
[debug] [2018-06-23T12:31:30.858Z] Command:       /usr/bin/node /storage/nodejs/bin/firebase serve
[debug] [2018-06-23T12:31:30.858Z] CLI Version:   3.19.0
[debug] [2018-06-23T12:31:30.858Z] Platform:      linux
[debug] [2018-06-23T12:31:30.858Z] Node Version:  v8.11.2
[debug] [2018-06-23T12:31:30.858Z] Time:          Sat Jun 23 2018 19:31:30 GMT+0700 (WIB)
[debug] [2018-06-23T12:31:30.858Z] ----------------------------------------------------------------------
[debug] 
[debug] [2018-06-23T12:31:30.867Z] > command requires scopes: ["email","openid","https://www.googleapis.com/auth/cloudplatformprojects.readonly","https://www.googleapis.com/auth/firebase","https://www.googleapis.com/auth/cloud-platform"]
[debug] [2018-06-23T12:31:30.867Z] > authorizing via signed-in user
[debug] [2018-06-23T12:31:30.869Z] > refreshing access token with scopes: ["email","https://www.googleapis.com/auth/cloud-platform","https://www.googleapis.com/auth/cloudplatformprojects.readonly","https://www.googleapis.com/auth/firebase","openid"]
[debug] [2018-06-23T12:31:30.869Z] >>> HTTP REQUEST POST https://www.googleapis.com/oauth2/v3/token  
 { refresh_token: '1/QO3dI3JdOed2AJrNOzAcaFsic9B80PQlVrK-CHOfWSqTdMB3oFAusFzRdm9Oi67d',
  client_id: '563584335869-fgrhgmd47bqnekij5i8b5pr03ho849e6.apps.googleusercontent.com',
  client_secret: 'j9iVZfS8kkCEFUPaAeJV0sAi',
  grant_type: 'refresh_token',
  scope: 'email https://www.googleapis.com/auth/cloud-platform https://www.googleapis.com/auth/cloudplatformprojects.readonly https://www.googleapis.com/auth/firebase openid' } 
 Sat Jun 23 2018 19:31:30 GMT+0700 (WIB)
[debug] [2018-06-23T12:31:31.121Z] <<< HTTP RESPONSE 200
[debug] [2018-06-23T12:31:31.129Z] >>> HTTP REQUEST GET https://admin.firebase.com/v1/projects/ajls-test  
  
 Sat Jun 23 2018 19:31:31 GMT+0700 (WIB)
[debug] [2018-06-23T12:31:32.225Z] <<< HTTP RESPONSE 200
[debug] [2018-06-23T12:31:32.227Z] >>> HTTP REQUEST GET https://admin.firebase.com/v1/database/ajls-test/tokens  
  
 Sat Jun 23 2018 19:31:32 GMT+0700 (WIB)
[debug] [2018-06-23T12:31:33.116Z] <<< HTTP RESPONSE 200
[debug] [2018-06-23T12:31:33.117Z] >>> HTTP REQUEST GET https://cloudresourcemanager.googleapis.com/v1/projects/ajls-test  
  
 Sat Jun 23 2018 19:31:33 GMT+0700 (WIB)
[debug] [2018-06-23T12:31:34.508Z] <<< HTTP RESPONSE 200
[info] 
[info] === Serving from '/storage/temp/firebase-test'...
[info] 
[info] i  functions: Preparing to emulate functions.
[debug] [2018-06-23T12:31:34.996Z] Fetching environment
[debug] [2018-06-23T12:31:34.998Z] >>> HTTP REQUEST GET https://mobilesdk-pa.googleapis.com/v1/projects/989145876873:getServerAppConfig  
  
 Sat Jun 23 2018 19:31:34 GMT+0700 (WIB)
[debug] [2018-06-23T12:31:34.998Z] >>> HTTP REQUEST GET https://mobilesdk-pa.googleapis.com/v1/projects/989145876873/clients/_:getWebAppConfig  
  
 Sat Jun 23 2018 19:31:34 GMT+0700 (WIB)
[debug] [2018-06-23T12:31:35.595Z] <<< HTTP RESPONSE 200
[debug] [2018-06-23T12:31:35.596Z] Starting @google-cloud/functions-emulator
[debug] [2018-06-23T12:31:35.620Z] <<< HTTP RESPONSE 200
[info] i  hosting: Serving hosting files from: public
[info] ✔  hosting: Local server: http://localhost:5000

[debug] [2018-06-23T12:31:37.158Z] Parsing function triggers
[info] ✔  functions: pay: http://localhost:5001/ajls-test/us-central1/pay
[info] [hosting] Rewriting /pay to local function pay
